0 info it worked if it ends with ok
1 verbose cli [ '/usr/local/bin/node', '/usr/local/bin/npm', 'publish' ]
2 info using npm@3.10.3
3 info using node@v6.3.1
4 verbose publish [ '.' ]
5 silly cache add args [ '.', null ]
6 verbose cache add spec .
7 silly cache add parsed spec Result {
7 silly cache add   raw: '.',
7 silly cache add   scope: null,
7 silly cache add   escapedName: null,
7 silly cache add   name: null,
7 silly cache add   rawSpec: '.',
7 silly cache add   spec: '/Volumes/ext/github/vide-plugin/vide-plugin-mode-vue',
7 silly cache add   type: 'directory' }
8 verbose addLocalDirectory /Users/vic/.npm/vide-plugin-mode-vue/0.0.1/package.tgz not in flight; packing
9 verbose correctMkdir /Users/vic/.npm correctMkdir not in flight; initializing
10 info lifecycle vide-plugin-mode-vue@0.0.1~prepublish: vide-plugin-mode-vue@0.0.1
11 silly lifecycle vide-plugin-mode-vue@0.0.1~prepublish: no script for prepublish, continuing
12 verbose tar pack [ '/Users/vic/.npm/vide-plugin-mode-vue/0.0.1/package.tgz',
12 verbose tar pack   '/Volumes/ext/github/vide-plugin/vide-plugin-mode-vue' ]
13 verbose tarball /Users/vic/.npm/vide-plugin-mode-vue/0.0.1/package.tgz
14 verbose folder /Volumes/ext/github/vide-plugin/vide-plugin-mode-vue
15 verbose addLocalTarball adding from inside cache /Users/vic/.npm/vide-plugin-mode-vue/0.0.1/package.tgz
16 verbose correctMkdir /Users/vic/.npm correctMkdir not in flight; initializing
17 silly cache afterAdd vide-plugin-mode-vue@0.0.1
18 verbose afterAdd /Users/vic/.npm/vide-plugin-mode-vue/0.0.1/package/package.json not in flight; writing
19 verbose correctMkdir /Users/vic/.npm correctMkdir not in flight; initializing
20 verbose afterAdd /Users/vic/.npm/vide-plugin-mode-vue/0.0.1/package/package.json written
21 silly publish { name: 'vide-plugin-mode-vue',
21 silly publish   version: '0.0.1',
21 silly publish   author: { name: 'vic.wang' },
21 silly publish   scripts: { start: 'babel ./src/ -d ./lib/' },
21 silly publish   vide: { type: 'mode', modePath: './mode-vue.js' },
21 silly publish   keywords: [ 'vide-plugin', 'mode-vue' ],
21 silly publish   repository:
21 silly publish    { type: 'git',
21 silly publish      url: 'git+ssh://git@github.com/debuggap/vide-plugin-mode-vue.git' },
21 silly publish   main: 'lib/index.js',
21 silly publish   dependencies:
21 silly publish    { 'babel-cli': '^6.18.0',
21 silly publish      'babel-core': '^6.21.0',
21 silly publish      'babel-preset-es2015': '^6.18.0' },
21 silly publish   readme: '# vide-plugin-mode-vue\n\n## introduction\nit\'s used to highlight vue file in the vide',
21 silly publish   readmeFilename: 'README.md',
21 silly publish   gitHead: '5df0dc68f2188fd7c131706426d1e3332f513b9d',
21 silly publish   description: '## introduction it\'s used to highlight vue file in the vide',
21 silly publish   bugs: { url: 'https://github.com/debuggap/vide-plugin-mode-vue/issues' },
21 silly publish   homepage: 'https://github.com/debuggap/vide-plugin-mode-vue#readme',
21 silly publish   _id: 'vide-plugin-mode-vue@0.0.1',
21 silly publish   _shasum: '6ee0bf5a59851dc4dcd9a765e422e74effc9f9d9',
21 silly publish   _from: '.' }
22 verbose getPublishConfig undefined
23 silly mapToRegistry name vide-plugin-mode-vue
24 silly mapToRegistry using default registry
25 silly mapToRegistry registry https://registry.npmjs.org/
26 silly mapToRegistry data Result {
26 silly mapToRegistry   raw: 'vide-plugin-mode-vue',
26 silly mapToRegistry   scope: null,
26 silly mapToRegistry   escapedName: 'vide-plugin-mode-vue',
26 silly mapToRegistry   name: 'vide-plugin-mode-vue',
26 silly mapToRegistry   rawSpec: '',
26 silly mapToRegistry   spec: 'latest',
26 silly mapToRegistry   type: 'tag' }
27 silly mapToRegistry uri https://registry.npmjs.org/vide-plugin-mode-vue
28 verbose publish registryBase https://registry.npmjs.org/
29 silly publish uploading /Users/vic/.npm/vide-plugin-mode-vue/0.0.1/package.tgz
30 verbose request uri https://registry.npmjs.org/vide-plugin-mode-vue
31 verbose request sending authorization for write operation
32 info attempt registry request try #1 at 12:38:31
33 verbose request using bearer token for auth
34 verbose request id 8a9e7d847abccdf0
35 http request PUT https://registry.npmjs.org/vide-plugin-mode-vue
36 http 403 https://registry.npmjs.org/vide-plugin-mode-vue
37 verbose headers { 'content-type': 'application/json',
37 verbose headers   'cache-control': 'max-age=300',
37 verbose headers   'content-length': '95',
37 verbose headers   'accept-ranges': 'bytes',
37 verbose headers   date: 'Mon, 24 Apr 2017 04:38:32 GMT',
37 verbose headers   via: '1.1 varnish',
37 verbose headers   connection: 'keep-alive',
37 verbose headers   'x-served-by': 'cache-nrt6129-NRT',
37 verbose headers   'x-cache': 'MISS',
37 verbose headers   'x-cache-hits': '0',
37 verbose headers   'x-timer': 'S1493008712.221982,VS0,VE446',
37 verbose headers   vary: 'Accept-Encoding' }
38 verbose request invalidating /Users/vic/.npm/registry.npmjs.org/vide-plugin-mode-vue on PUT
39 error publish Failed PUT 403
40 verbose stack Error: "You cannot publish over the previously published version 0.0.1." : vide-plugin-mode-vue
40 verbose stack     at makeError (/usr/local/lib/node_modules/npm/node_modules/npm-registry-client/lib/request.js:264:12)
40 verbose stack     at CachingRegistryClient.<anonymous> (/usr/local/lib/node_modules/npm/node_modules/npm-registry-client/lib/request.js:252:14)
40 verbose stack     at Request._callback (/usr/local/lib/node_modules/npm/node_modules/npm-registry-client/lib/request.js:172:14)
40 verbose stack     at Request.self.callback (/usr/local/lib/node_modules/npm/node_modules/request/request.js:200:22)
40 verbose stack     at emitTwo (events.js:106:13)
40 verbose stack     at Request.emit (events.js:191:7)
40 verbose stack     at Request.<anonymous> (/usr/local/lib/node_modules/npm/node_modules/request/request.js:1067:10)
40 verbose stack     at emitOne (events.js:101:20)
40 verbose stack     at Request.emit (events.js:188:7)
40 verbose stack     at IncomingMessage.<anonymous> (/usr/local/lib/node_modules/npm/node_modules/request/request.js:988:12)
41 verbose statusCode 403
42 verbose pkgid vide-plugin-mode-vue
43 verbose cwd /Volumes/ext/github/vide-plugin/vide-plugin-mode-vue
44 error Darwin 15.5.0
45 error argv "/usr/local/bin/node" "/usr/local/bin/npm" "publish"
46 error node v6.3.1
47 error npm  v3.10.3
48 error code E403
49 error "You cannot publish over the previously published version 0.0.1." : vide-plugin-mode-vue
50 error If you need help, you may report this error at:
50 error     <https://github.com/npm/npm/issues>
51 verbose exit [ 1, true ]
